#
# A fatal error has been detected by the Java Runtime Environment:
#
#  EXCEPTION_ACCESS_VIOLATION (0xc0000005) at pc=0x00007ffd966bbc1a, pid=25380, tid=18168
#
# JRE version: OpenJDK Runtime Environment (11.0.2+9) (build 11.0.2+9)
# Java VM: OpenJDK 64-Bit Server VM (11.0.2+9, mixed mode, tiered, compressed oops, g1 gc, windows-amd64)
# Problematic frame:
# V  [jvm.dll+0x51bc1a]
#
# No core dump will be written. Minidumps are not enabled by default on client versions of Windows
#
# If you would like to submit a bug report, please visit:
#   http://bugreport.java.com/bugreport/crash.jsp
#

---------------  S U M M A R Y ------------

Command Line: -ea -agentlib:jdwp=transport=dt_shmem,address=javadebug -Dfile.encoding=UTF-8 bluej.runtime.ExecServer UTF-8

Host: Intel(R) Core(TM) i7-8700K CPU @ 3.70GHz, 12 cores, 15G,  Windows 10 , 64 bit Build 19041 (10.0.19041.1023)
Time: Wed Jul  7 13:43:59 2021 W. Europe Summer Time elapsed time: 1356 seconds (0d 0h 22m 36s)

---------------  T H R E A D  ---------------

Current thread (0x000001e0d1dad000):  JavaThread "C2 CompilerThread0" daemon [_thread_in_native, id=18168, stack(0x00000039f2800000,0x00000039f2900000)]


Current CompileTask:
C2:1356031 1895   !   4       sun.awt.PostEventQueue::flush (168 bytes)

Stack: [0x00000039f2800000,0x00000039f2900000],  sp=0x00000039f28fb7d0,  free space=1005k
Native frames: (J=compiled Java code, j=interpreted, Vv=VM code, C=native code)
V  [jvm.dll+0x51bc1a]
V  [jvm.dll+0x51c634]
V  [jvm.dll+0x339c30]
V  [jvm.dll+0x338eea]
V  [jvm.dll+0x2189c5]
V  [jvm.dll+0x217b6a]
V  [jvm.dll+0x194370]
V  [jvm.dll+0x226b3f]
V  [jvm.dll+0x225148]
V  [jvm.dll+0x73774d]
V  [jvm.dll+0x633942]
C  [ucrtbase.dll+0x21bb2]
C  [KERNEL32.DLL+0x17034]
C  [ntdll.dll+0x52651]


siginfo: EXCEPTION_ACCESS_VIOLATION (0xc0000005), reading address 0x000001e58ff96860


Register to memory mapping:

RIP=0x00007ffd966bbc1a jvm.dll
RAX=0x000001e0db467fe0 points into unknown readable memory: 10 87 52 db e0 01 00 00
RBX=0x00000039f28fb958 is pointing into the stack for thread: 0x000001e0d1dad000
RCX=0x0000000096965d10 is an unknown value
RDX=0x000001e0db51f320 points into unknown readable memory: 30 46 9e 96 fd 7f 00 00
RSP=0x00000039f28fb7d0 is pointing into the stack for thread: 0x000001e0d1dad000
RBP=0x0 is NULL
RSI=0x000001e0da1310e8 points into unknown readable memory: 10 5d 96 96 fd 7f 00 00
RDI=0x000001e0da133210 points into unknown readable memory: c0 ae 96 96 fd 7f 00 00
R8 =0x000001e0da133248 points into unknown readable memory: 00 00 00 00 00 00 00 00
R9 =0x00000039f28fb958 is pointing into the stack for thread: 0x000001e0d1dad000
R10=0x000001e0db8bc960 points into unknown readable memory: 09 00 00 00 00 00 00 00
R11=0x000001e0db51f320 points into unknown readable memory: 30 46 9e 96 fd 7f 00 00
R12=0x00000039f28fba80 is pointing into the stack for thread: 0x000001e0d1dad000
R13=0x00000039f28fbf50 is pointing into the stack for thread: 0x000001e0d1dad000
R14=0x000001e0db77b680 points into unknown readable memory: e8 10 13 da e0 01 00 00
R15=0x0000000000000007 is an unknown value


Registers:
RAX=0x000001e0db467fe0, RBX=0x00000039f28fb958, RCX=0x0000000096965d10, RDX=0x000001e0db51f320
RSP=0x00000039f28fb7d0, RBP=0x0000000000000000, RSI=0x000001e0da1310e8, RDI=0x000001e0da133210
R8 =0x000001e0da133248, R9 =0x00000039f28fb958, R10=0x000001e0db8bc960, R11=0x000001e0db51f320
R12=0x00000039f28fba80, R13=0x00000039f28fbf50, R14=0x000001e0db77b680, R15=0x0000000000000007
RIP=0x00007ffd966bbc1a, EFLAGS=0x0000000000010202

Top of Stack: (sp=0x00000039f28fb7d0)
0x00000039f28fb7d0:   0000000000000000 00007ffd966b9eb6
0x00000039f28fb7e0:   000001e0da12fb30 0000000000000002
0x00000039f28fb7f0:   00000000000003e7 000001e0ab530000
0x00000039f28fb800:   000001e0da12f768 00000039f28fbc9c
0x00000039f28fb810:   0000000000000000 0000000000000000
0x00000039f28fb820:   0000000000000000 0000000000000000
0x00000039f28fb830:   0000000000000000 0000000000000000
0x00000039f28fb840:   0000000000000000 0000000000000000
0x00000039f28fb850:   0000000000000000 0000000000000000
0x00000039f28fb860:   0000000000000000 00007ffd96511a04
0x00000039f28fb870:   00000039f28fbaf0 000001e0da133330
0x00000039f28fb880:   000001e0db51f320 00007ffd966bd049
0x00000039f28fb890:   0000000000000002 00000039f28fbf50
0x00000039f28fb8a0:   00000039f28fbb40 000001e0db51f320
0x00000039f28fb8b0:   000001e0da6e8a50 0000000000000002
0x00000039f28fb8c0:   00000001db51f320 000001e0da12ec98 

Instructions: (pc=0x00007ffd966bbc1a)
0x00007ffd966bbbfa:   94 24 48 01 00 00 4c 8b a4 24 60 01 00 00 0f 1f
0x00007ffd966bbc0a:   84 00 00 00 00 00 49 8b 36 49 8b 45 78 8b 4e 28
0x00007ffd966bbc1a:   48 39 14 c8 75 44 0f b6 46 2c 24 0f 3c 0c 74 3a
0x00007ffd966bbc2a:   49 8b 44 24 18 48 63 c9 83 2c 88 01 48 8d 14 88 


Stack slot to memory mapping:
stack at sp + 0 slots: 0x0 is NULL
stack at sp + 1 slots: 0x00007ffd966b9eb6 jvm.dll
stack at sp + 2 slots: 0x000001e0da12fb30 points into unknown readable memory: e0 9e 97 96 fd 7f 00 00
stack at sp + 3 slots: 0x0000000000000002 is an unknown value
stack at sp + 4 slots: 0x00000000000003e7 is an unknown value
stack at sp + 5 slots: 0x000001e0ab530000 points into unknown readable memory: 00 00 00 00 00 00 00 00
stack at sp + 6 slots: 0x000001e0da12f768 points into unknown readable memory: 00 8d a0 96 fd 7f 00 00
stack at sp + 7 slots: 0x00000039f28fbc9c is pointing into the stack for thread: 0x000001e0d1dad000


---------------  P R O C E S S  ---------------

Threads class SMR info:
_java_thread_list=0x000001e0d283da10, length=21, elements={
0x000001e0d1495000, 0x000001e0d1496800, 0x000001e0d1da9800, 0x000001e0d1dab800,
0x000001e0d1dad000, 0x000001e0d1db1000, 0x000001e0d1db3000, 0x000001e0d1f34000,
0x000001e0d1f25000, 0x000001e0d1f26000, 0x000001e0d1f27000, 0x000001e0d1f52000,
0x000001e0d2769800, 0x000001e0d23da000, 0x000001e0d2414000, 0x000001e0acf32000,
0x000001e0d94b2800, 0x000001e0d94b1800, 0x000001e0d94b0000, 0x000001e0d94b0800,
0x000001e0d94b4000
}

Java Threads: ( => current thread )
  0x000001e0d1495000 JavaThread "Reference Handler" daemon [_thread_blocked, id=25340, stack(0x00000039f2400000,0x00000039f2500000)]
  0x000001e0d1496800 JavaThread "Finalizer" daemon [_thread_blocked, id=3756, stack(0x00000039f2500000,0x00000039f2600000)]
  0x000001e0d1da9800 JavaThread "Signal Dispatcher" daemon [_thread_blocked, id=22248, stack(0x00000039f2600000,0x00000039f2700000)]
  0x000001e0d1dab800 JavaThread "Attach Listener" daemon [_thread_blocked, id=10672, stack(0x00000039f2700000,0x00000039f2800000)]
=>0x000001e0d1dad000 JavaThread "C2 CompilerThread0" daemon [_thread_in_native, id=18168, stack(0x00000039f2800000,0x00000039f2900000)]
  0x000001e0d1db1000 JavaThread "C1 CompilerThread0" daemon [_thread_blocked, id=16292, stack(0x00000039f2900000,0x00000039f2a00000)]
  0x000001e0d1db3000 JavaThread "Sweeper thread" daemon [_thread_blocked, id=6716, stack(0x00000039f2a00000,0x00000039f2b00000)]
  0x000001e0d1f34000 JavaThread "JDWP Transport Listener: dt_shmem" daemon [_thread_blocked, id=18112, stack(0x00000039f2b00000,0x00000039f2c00000)]
  0x000001e0d1f25000 JavaThread "JDWP Event Helper Thread" daemon [_thread_blocked, id=9156, stack(0x00000039f2c00000,0x00000039f2d00000)]
  0x000001e0d1f26000 JavaThread "JDWP Command Reader" daemon [_thread_in_native, id=12600, stack(0x00000039f2d00000,0x00000039f2e00000)]
  0x000001e0d1f27000 JavaThread "Service Thread" daemon [_thread_blocked, id=18580, stack(0x00000039f2e00000,0x00000039f2f00000)]
  0x000001e0d1f52000 JavaThread "Common-Cleaner" daemon [_thread_blocked, id=8924, stack(0x00000039f3000000,0x00000039f3100000)]
  0x000001e0d2769800 JavaThread "Java2D Disposer" daemon [_thread_blocked, id=11412, stack(0x00000039f3200000,0x00000039f3300000)]
  0x000001e0d23da000 JavaThread "AWT-Windows" daemon [_thread_in_native, id=5656, stack(0x00000039f3400000,0x00000039f3500000)]
  0x000001e0d2414000 JavaThread "BlueJ worker thread" [_thread_blocked, id=20460, stack(0x00000039f3600000,0x00000039f3700000)]
  0x000001e0acf32000 JavaThread "DestroyJavaVM" [_thread_blocked, id=16608, stack(0x00000039f1d00000,0x00000039f1e00000)]
  0x000001e0d94b2800 JavaThread "QuantumRenderer-0" daemon [_thread_blocked, id=13108, stack(0x00000039f3c00000,0x00000039f3d00000)]
  0x000001e0d94b1800 JavaThread "D3D Screen Updater" daemon [_thread_blocked, id=6420, stack(0x00000039f3d00000,0x00000039f3e00000)]
  0x000001e0d94b0000 JavaThread "AWT-Shutdown" [_thread_blocked, id=19772, stack(0x00000039f1a00000,0x00000039f1b00000)]
  0x000001e0d94b0800 JavaThread "AWT-EventQueue-0" [_thread_blocked, id=20392, stack(0x00000039f3800000,0x00000039f3900000)]
  0x000001e0d94b4000 JavaThread "main" [_thread_blocked, id=10536, stack(0x00000039f4500000,0x00000039f4600000)]

Other Threads:
  0x000001e0d1492000 VMThread "VM Thread" [stack: 0x00000039f2300000,0x00000039f2400000] [id=3424]
  0x000001e0d1f2b800 WatcherThread [stack: 0x00000039f2f00000,0x00000039f3000000] [id=3924]
  0x000001e0acf49000 GCTaskThread "GC Thread#0" [stack: 0x00000039f1e00000,0x00000039f1f00000] [id=18980]
  0x000001e0d97f5000 GCTaskThread "GC Thread#1" [stack: 0x00000039f3a00000,0x00000039f3b00000] [id=15276]
  0x000001e0d9a52000 GCTaskThread "GC Thread#2" [stack: 0x00000039f3b00000,0x00000039f3c00000] [id=6644]
  0x000001e0d9b10800 GCTaskThread "GC Thread#3" [stack: 0x00000039f3e00000,0x00000039f3f00000] [id=14568]
  0x000001e0d9b11000 GCTaskThread "GC Thread#4" [stack: 0x00000039f3f00000,0x00000039f4000000] [id=9648]
  0x000001e0d9b11800 GCTaskThread "GC Thread#5" [stack: 0x00000039f4000000,0x00000039f4100000] [id=20896]
  0x000001e0d945a000 GCTaskThread "GC Thread#6" [stack: 0x00000039f4100000,0x00000039f4200000] [id=15704]
  0x000001e0d945a800 GCTaskThread "GC Thread#7" [stack: 0x00000039f4200000,0x00000039f4300000] [id=16352]
  0x000001e0d24cb000 GCTaskThread "GC Thread#8" [stack: 0x00000039f4300000,0x00000039f4400000] [id=13536]
  0x000001e0d24cc000 GCTaskThread "GC Thread#9" [stack: 0x00000039f4400000,0x00000039f4500000] [id=9340]
  0x000001e0acfad800 ConcurrentGCThread "G1 Main Marker" [stack: 0x00000039f1f00000,0x00000039f2000000] [id=18020]
  0x000001e0acfaf000 ConcurrentGCThread "G1 Conc#0" [stack: 0x00000039f2000000,0x00000039f2100000] [id=12248]
  0x000001e0d137c800 ConcurrentGCThread "G1 Refine#0" [stack: 0x00000039f2100000,0x00000039f2200000] [id=11836]
  0x000001e0d137d800 ConcurrentGCThread "G1 Young RemSet Sampling" [stack: 0x00000039f2200000,0x00000039f2300000] [id=21268]

Threads with active compile tasks:
C2 CompilerThread01895   !   4       sun.awt.PostEventQueue::flush (168 bytes)

VM state:not at safepoint (normal execution)

VM Mutex/Monitor currently owned by a thread: None

Heap address: 0x0000000701000000, size: 4080 MB, Compressed Oops mode: Zero based, Oop shift amount: 3
Narrow klass base: 0x0000000800000000, Narrow klass shift: 0
Compressed class space size: 1073741824 Address: 0x0000000800000000

Heap:
 garbage-first heap   total 262144K, used 53288K [0x0000000701000000, 0x0000000800000000)
  region size 1024K, 53 young (54272K), 3 survivors (3072K)
 Metaspace       used 18738K, capacity 19695K, committed 19840K, reserved 1067008K
  class space    used 2612K, capacity 3123K, committed 3200K, reserved 1048576K
Heap Regions: E=young(eden), S=young(survivor), O=old, HS=humongous(starts), HC=humongous(continues), CS=collection set, F=free, A=archive, TAMS=top-at-mark-start (previous, next)
|   0|0x0000000701000000, 0x000000070100a200, 0x0000000701100000|  3%| O|  |TAMS 0x0000000701000000, 0x0000000701000000| Untracked 
|   1|0x0000000701100000, 0x0000000701100000, 0x0000000701200000|  0%| F|  |TAMS 0x0000000701100000, 0x0000000701100000| Untracked 
|   2|0x0000000701200000, 0x0000000701200000, 0x0000000701300000|  0%| F|  |TAMS 0x0000000701200000, 0x0000000701200000| Untracked 
|   3|0x0000000701300000, 0x0000000701300000, 0x0000000701400000|  0%| F|  |TAMS 0x0000000701300000, 0x0000000701300000| Untracked 
|   4|0x0000000701400000, 0x0000000701400000, 0x0000000701500000|  0%| F|  |TAMS 0x0000000701400000, 0x0000000701400000| Untracked 
|   5|0x0000000701500000, 0x0000000701500000, 0x0000000701600000|  0%| F|  |TAMS 0x0000000701500000, 0x0000000701500000| Untracked 
|   6|0x0000000701600000, 0x0000000701600000, 0x0000000701700000|  0%| F|  |TAMS 0x0000000701600000, 0x0000000701600000| Untracked 
|   7|0x0000000701700000, 0x0000000701700000, 0x0000000701800000|  0%| F|  |TAMS 0x0000000701700000, 0x0000000701700000| Untracked 
|   8|0x0000000701800000, 0x0000000701800000, 0x0000000701900000|  0%| F|  |TAMS 0x0000000701800000, 0x0000000701800000| Untracked 
|   9|0x0000000701900000, 0x0000000701900000, 0x0000000701a00000|  0%| F|  |TAMS 0x0000000701900000, 0x0000000701900000| Untracked 
|  10|0x0000000701a00000, 0x0000000701a00000, 0x0000000701b00000|  0%| F|  |TAMS 0x0000000701a00000, 0x0000000701a00000| Untracked 
|  11|0x0000000701b00000, 0x0000000701b00000, 0x0000000701c00000|  0%| F|  |TAMS 0x0000000701b00000, 0x0000000701b00000| Untracked 
|  12|0x0000000701c00000, 0x0000000701c00000, 0x0000000701d00000|  0%| F|  |TAMS 0x0000000701c00000, 0x0000000701c00000| Untracked 
|  13|0x0000000701d00000, 0x0000000701d00000, 0x0000000701e00000|  0%| F|  |TAMS 0x0000000701d00000, 0x0000000701d00000| Untracked 
|  14|0x0000000701e00000, 0x0000000701e00000, 0x0000000701f00000|  0%| F|  |TAMS 0x0000000701e00000, 0x0000000701e00000| Untracked 
|  15|0x0000000701f00000, 0x0000000701f00000, 0x0000000702000000|  0%| F|  |TAMS 0x0000000701f00000, 0x0000000701f00000| Untracked 
|  16|0x0000000702000000, 0x0000000702000000, 0x0000000702100000|  0%| F|  |TAMS 0x0000000702000000, 0x0000000702000000| Untracked 
|  17|0x0000000702100000, 0x0000000702100000, 0x0000000702200000|  0%| F|  |TAMS 0x0000000702100000, 0x0000000702100000| Untracked 
|  18|0x0000000702200000, 0x0000000702200000, 0x0000000702300000|  0%| F|  |TAMS 0x0000000702200000, 0x0000000702200000| Untracked 
|  19|0x0000000702300000, 0x0000000702300000, 0x0000000702400000|  0%| F|  |TAMS 0x0000000702300000, 0x0000000702300000| Untracked 
|  20|0x0000000702400000, 0x0000000702400000, 0x0000000702500000|  0%| F|  |TAMS 0x0000000702400000, 0x0000000702400000| Untracked 
|  21|0x0000000702500000, 0x0000000702500000, 0x0000000702600000|  0%| F|  |TAMS 0x0000000702500000, 0x0000000702500000| Untracked 
|  22|0x0000000702600000, 0x0000000702600000, 0x0000000702700000|  0%| F|  |TAMS 0x0000000702600000, 0x0000000702600000| Untracked 
|  23|0x0000000702700000, 0x0000000702700000, 0x0000000702800000|  0%| F|  |TAMS 0x0000000702700000, 0x0000000702700000| Untracked 
|  24|0x0000000702800000, 0x0000000702800000, 0x0000000702900000|  0%| F|  |TAMS 0x0000000702800000, 0x0000000702800000| Untracked 
|  25|0x0000000702900000, 0x0000000702900000, 0x0000000702a00000|  0%| F|  |TAMS 0x0000000702900000, 0x0000000702900000| Untracked 
|  26|0x0000000702a00000, 0x0000000702a00000, 0x0000000702b00000|  0%| F|  |TAMS 0x0000000702a00000, 0x0000000702a00000| Untracked 
|  27|0x0000000702b00000, 0x0000000702b00000, 0x0000000702c00000|  0%| F|  |TAMS 0x0000000702b00000, 0x0000000702b00000| Untracked 
|  28|0x0000000702c00000, 0x0000000702c00000, 0x0000000702d00000|  0%| F|  |TAMS 0x0000000702c00000, 0x0000000702c00000| Untracked 
|  29|0x0000000702d00000, 0x0000000702d00000, 0x0000000702e00000|  0%| F|  |TAMS 0x0000000702d00000, 0x0000000702d00000| Untracked 
|  30|0x0000000702e00000, 0x0000000702e00000, 0x0000000702f00000|  0%| F|  |TAMS 0x0000000702e00000, 0x0000000702e00000| Untracked 
|  31|0x0000000702f00000, 0x0000000702f00000, 0x0000000703000000|  0%| F|  |TAMS 0x0000000702f00000, 0x0000000702f00000| Untracked 
|  32|0x0000000703000000, 0x0000000703000000, 0x0000000703100000|  0%| F|  |TAMS 0x0000000703000000, 0x0000000703000000| Untracked 
|  33|0x0000000703100000, 0x0000000703100000, 0x0000000703200000|  0%| F|  |TAMS 0x0000000703100000, 0x0000000703100000| Untracked 
|  34|0x0000000703200000, 0x0000000703200000, 0x0000000703300000|  0%| F|  |TAMS 0x0000000703200000, 0x0000000703200000| Untracked 
|  35|0x0000000703300000, 0x0000000703300000, 0x0000000703400000|  0%| F|  |TAMS 0x0000000703300000, 0x0000000703300000| Untracked 
|  36|0x0000000703400000, 0x0000000703400000, 0x0000000703500000|  0%| F|  |TAMS 0x0000000703400000, 0x0000000703400000| Untracked 
|  37|0x0000000703500000, 0x0000000703500000, 0x0000000703600000|  0%| F|  |TAMS 0x0000000703500000, 0x0000000703500000| Untracked 
|  38|0x0000000703600000, 0x0000000703600000, 0x0000000703700000|  0%| F|  |TAMS 0x0000000703600000, 0x0000000703600000| Untracked 
|  39|0x0000000703700000, 0x0000000703700000, 0x0000000703800000|  0%| F|  |TAMS 0x0000000703700000, 0x0000000703700000| Untracked 
|  40|0x0000000703800000, 0x0000000703800000, 0x0000000703900000|  0%| F|  |TAMS 0x0000000703800000, 0x0000000703800000| Untracked 
|  41|0x0000000703900000, 0x0000000703900000, 0x0000000703a00000|  0%| F|  |TAMS 0x0000000703900000, 0x0000000703900000| Untracked 
|  42|0x0000000703a00000, 0x0000000703a00000, 0x0000000703b00000|  0%| F|  |TAMS 0x0000000703a00000, 0x0000000703a00000| Untracked 
|  43|0x0000000703b00000, 0x0000000703b00000, 0x0000000703c00000|  0%| F|  |TAMS 0x0000000703b00000, 0x0000000703b00000| Untracked 
|  44|0x0000000703c00000, 0x0000000703c00000, 0x0000000703d00000|  0%| F|  |TAMS 0x0000000703c00000, 0x0000000703c00000| Untracked 
|  45|0x0000000703d00000, 0x0000000703d00000, 0x0000000703e00000|  0%| F|  |TAMS 0x0000000703d00000, 0x0000000703d00000| Untracked 
|  46|0x0000000703e00000, 0x0000000703e00000, 0x0000000703f00000|  0%| F|  |TAMS 0x0000000703e00000, 0x0000000703e00000| Untracked 
|  47|0x0000000703f00000, 0x0000000703f00000, 0x0000000704000000|  0%| F|  |TAMS 0x0000000703f00000, 0x0000000703f00000| Untracked 
|  48|0x0000000704000000, 0x0000000704000000, 0x0000000704100000|  0%| F|  |TAMS 0x0000000704000000, 0x0000000704000000| Untracked 
|  49|0x0000000704100000, 0x0000000704100000, 0x0000000704200000|  0%| F|  |TAMS 0x0000000704100000, 0x0000000704100000| Untracked 
|  50|0x0000000704200000, 0x0000000704200000, 0x0000000704300000|  0%| F|  |TAMS 0x0000000704200000, 0x0000000704200000| Untracked 
|  51|0x0000000704300000, 0x0000000704300000, 0x0000000704400000|  0%| F|  |TAMS 0x0000000704300000, 0x0000000704300000| Untracked 
|  52|0x0000000704400000, 0x0000000704400000, 0x0000000704500000|  0%| F|  |TAMS 0x0000000704400000, 0x0000000704400000| Untracked 
|  53|0x0000000704500000, 0x0000000704500000, 0x0000000704600000|  0%| F|  |TAMS 0x0000000704500000, 0x0000000704500000| Untracked 
|  54|0x0000000704600000, 0x0000000704600000, 0x0000000704700000|  0%| F|  |TAMS 0x0000000704600000, 0x0000000704600000| Untracked 
|  55|0x0000000704700000, 0x0000000704700000, 0x0000000704800000|  0%| F|  |TAMS 0x0000000704700000, 0x0000000704700000| Untracked 
|  56|0x0000000704800000, 0x0000000704800000, 0x0000000704900000|  0%| F|  |TAMS 0x0000000704800000, 0x0000000704800000| Untracked 
|  57|0x0000000704900000, 0x0000000704900000, 0x0000000704a00000|  0%| F|  |TAMS 0x0000000704900000, 0x0000000704900000| Untracked 
|  58|0x0000000704a00000, 0x0000000704a00000, 0x0000000704b00000|  0%| F|  |TAMS 0x0000000704a00000, 0x0000000704a00000| Untracked 
|  59|0x0000000704b00000, 0x0000000704b00000, 0x0000000704c00000|  0%| F|  |TAMS 0x0000000704b00000, 0x0000000704b00000| Untracked 
|  60|0x0000000704c00000, 0x0000000704c00000, 0x0000000704d00000|  0%| F|  |TAMS 0x0000000704c00000, 0x0000000704c00000| Untracked 
|  61|0x0000000704d00000, 0x0000000704d00000, 0x0000000704e00000|  0%| F|  |TAMS 0x0000000704d00000, 0x0000000704d00000| Untracked 
|  62|0x0000000704e00000, 0x0000000704e00000, 0x0000000704f00000|  0%| F|  |TAMS 0x0000000704e00000, 0x0000000704e00000| Untracked 
|  63|0x0000000704f00000, 0x0000000704f00000, 0x0000000705000000|  0%| F|  |TAMS 0x0000000704f00000, 0x0000000704f00000| Untracked 
|  64|0x0000000705000000, 0x0000000705000000, 0x0000000705100000|  0%| F|  |TAMS 0x0000000705000000, 0x0000000705000000| Untracked 
|  65|0x0000000705100000, 0x0000000705100000, 0x0000000705200000|  0%| F|  |TAMS 0x0000000705100000, 0x0000000705100000| Untracked 
|  66|0x0000000705200000, 0x0000000705200000, 0x0000000705300000|  0%| F|  |TAMS 0x0000000705200000, 0x0000000705200000| Untracked 
|  67|0x0000000705300000, 0x0000000705300000, 0x0000000705400000|  0%| F|  |TAMS 0x0000000705300000, 0x0000000705300000| Untracked 
|  68|0x0000000705400000, 0x0000000705400000, 0x0000000705500000|  0%| F|  |TAMS 0x0000000705400000, 0x0000000705400000| Untracked 
|  69|0x0000000705500000, 0x0000000705500000, 0x0000000705600000|  0%| F|  |TAMS 0x0000000705500000, 0x0000000705500000| Untracked 
|  70|0x0000000705600000, 0x0000000705600000, 0x0000000705700000|  0%| F|  |TAMS 0x0000000705600000, 0x0000000705600000| Untracked 
|  71|0x0000000705700000, 0x0000000705700000, 0x0000000705800000|  0%| F|  |TAMS 0x0000000705700000, 0x0000000705700000| Untracked 
|  72|0x0000000705800000, 0x0000000705800000, 0x0000000705900000|  0%| F|  |TAMS 0x0000000705800000, 0x0000000705800000| Untracked 
|  73|0x0000000705900000, 0x0000000705900000, 0x0000000705a00000|  0%| F|  |TAMS 0x0000000705900000, 0x0000000705900000| Untracked 
|  74|0x0000000705a00000, 0x0000000705a00000, 0x0000000705b00000|  0%| F|  |TAMS 0x0000000705a00000, 0x0000000705a00000| Untracked 
|  75|0x0000000705b00000, 0x0000000705b00000, 0x0000000705c00000|  0%| F|  |TAMS 0x0000000705b00000, 0x0000000705b00000| Untracked 
|  76|0x0000000705c00000, 0x0000000705c00000, 0x0000000705d00000|  0%| F|  |TAMS 0x0000000705c00000, 0x0000000705c00000| Untracked 
|  77|0x0000000705d00000, 0x0000000705d00000, 0x0000000705e00000|  0%| F|  |TAMS 0x0000000705d00000, 0x0000000705d00000| Untracked 
|  78|0x0000000705e00000, 0x0000000705e00000, 0x0000000705f00000|  0%| F|  |TAMS 0x0000000705e00000, 0x0000000705e00000| Untracked 
|  79|0x0000000705f00000, 0x0000000705f00000, 0x0000000706000000|  0%| F|  |TAMS 0x0000000705f00000, 0x0000000705f00000| Untracked 
|  80|0x0000000706000000, 0x0000000706000000, 0x0000000706100000|  0%| F|  |TAMS 0x0000000706000000, 0x0000000706000000| Untracked 
|  81|0x0000000706100000, 0x0000000706100000, 0x0000000706200000|  0%| F|  |TAMS 0x0000000706100000, 0x0000000706100000| Untracked 
|  82|0x0000000706200000, 0x0000000706200000, 0x0000000706300000|  0%| F|  |TAMS 0x0000000706200000, 0x0000000706200000| Untracked 
|  83|0x0000000706300000, 0x0000000706300000, 0x0000000706400000|  0%| F|  |TAMS 0x0000000706300000, 0x0000000706300000| Untracked 
|  84|0x0000000706400000, 0x0000000706400000, 0x0000000706500000|  0%| F|  |TAMS 0x0000000706400000, 0x0000000706400000| Untracked 
|  85|0x0000000706500000, 0x0000000706500000, 0x0000000706600000|  0%| F|  |TAMS 0x0000000706500000, 0x0000000706500000| Untracked 
|  86|0x0000000706600000, 0x0000000706600000, 0x0000000706700000|  0%| F|  |TAMS 0x0000000706600000, 0x0000000706600000| Untracked 
|  87|0x0000000706700000, 0x0000000706700000, 0x0000000706800000|  0%| F|  |TAMS 0x0000000706700000, 0x0000000706700000| Untracked 
|  88|0x0000000706800000, 0x0000000706800000, 0x0000000706900000|  0%| F|  |TAMS 0x0000000706800000, 0x0000000706800000| Untracked 
|  89|0x0000000706900000, 0x0000000706900000, 0x0000000706a00000|  0%| F|  |TAMS 0x0000000706900000, 0x0000000706900000| Untracked 
|  90|0x0000000706a00000, 0x0000000706a00000, 0x0000000706b00000|  0%| F|  |TAMS 0x0000000706a00000, 0x0000000706a00000| Untracked 
|  91|0x0000000706b00000, 0x0000000706b00000, 0x0000000706c00000|  0%| F|  |TAMS 0x0000000706b00000, 0x0000000706b00000| Untracked 
|  92|0x0000000706c00000, 0x0000000706c00000, 0x0000000706d00000|  0%| F|  |TAMS 0x0000000706c00000, 0x0000000706c00000| Untracked 
|  93|0x0000000706d00000, 0x0000000706d00000, 0x0000000706e00000|  0%| F|  |TAMS 0x0000000706d00000, 0x0000000706d00000| Untracked 
|  94|0x0000000706e00000, 0x0000000706e00000, 0x0000000706f00000|  0%| F|  |TAMS 0x0000000706e00000, 0x0000000706e00000| Untracked 
|  95|0x0000000706f00000, 0x0000000706f00000, 0x0000000707000000|  0%| F|  |TAMS 0x0000000706f00000, 0x0000000706f00000| Untracked 
|  96|0x0000000707000000, 0x0000000707000000, 0x0000000707100000|  0%| F|  |TAMS 0x0000000707000000, 0x0000000707000000| Untracked 
|  97|0x0000000707100000, 0x0000000707100000, 0x0000000707200000|  0%| F|  |TAMS 0x0000000707100000, 0x0000000707100000| Untracked 
|  98|0x0000000707200000, 0x0000000707200000, 0x0000000707300000|  0%| F|  |TAMS 0x0000000707200000, 0x0000000707200000| Untracked 
|  99|0x0000000707300000, 0x0000000707300000, 0x0000000707400000|  0%| F|  |TAMS 0x0000000707300000, 0x0000000707300000| Untracked 
| 100|0x0000000707400000, 0x0000000707400000, 0x0000000707500000|  0%| F|  |TAMS 0x0000000707400000, 0x0000000707400000| Untracked 
| 101|0x0000000707500000, 0x0000000707500000, 0x0000000707600000|  0%| F|  |TAMS 0x0000000707500000, 0x0000000707500000| Untracked 
| 102|0x0000000707600000, 0x0000000707600000, 0x0000000707700000|  0%| F|  |TAMS 0x0000000707600000, 0x0000000707600000| Untracked 
| 103|0x0000000707700000, 0x0000000707700000, 0x0000000707800000|  0%| F|  |TAMS 0x0000000707700000, 0x0000000707700000| Untracked 
| 104|0x0000000707800000, 0x0000000707800000, 0x0000000707900000|  0%| F|  |TAMS 0x0000000707800000, 0x0000000707800000| Untracked 
| 105|0x0000000707900000, 0x0000000707900000, 0x0000000707a00000|  0%| F|  |TAMS 0x0000000707900000, 0x0000000707900000| Untracked 
| 106|0x0000000707a00000, 0x0000000707a00000, 0x0000000707b00000|  0%| F|  |TAMS 0x0000000707a00000, 0x0000000707a00000| Untracked 
| 107|0x0000000707b00000, 0x0000000707b00000, 0x0000000707c00000|  0%| F|  |TAMS 0x0000000707b00000, 0x0000000707b00000| Untracked 
| 108|0x0000000707c00000, 0x0000000707c00000, 0x0000000707d00000|  0%| F|  |TAMS 0x0000000707c00000, 0x0000000707c00000| Untracked 
| 109|0x0000000707d00000, 0x0000000707d00000, 0x0000000707e00000|  0%| F|  |TAMS 0x0000000707d00000, 0x0000000707d00000| Untracked 
| 110|0x0000000707e00000, 0x0000000707e00000, 0x0000000707f00000|  0%| F|  |TAMS 0x0000000707e00000, 0x0000000707e00000| Untracked 
| 111|0x0000000707f00000, 0x0000000707f00000, 0x0000000708000000|  0%| F|  |TAMS 0x0000000707f00000, 0x0000000707f00000| Untracked 
| 112|0x0000000708000000, 0x0000000708000000, 0x0000000708100000|  0%| F|  |TAMS 0x0000000708000000, 0x0000000708000000| Untracked 
| 113|0x0000000708100000, 0x0000000708100000, 0x0000000708200000|  0%| F|  |TAMS 0x0000000708100000, 0x0000000708100000| Untracked 
| 114|0x0000000708200000, 0x0000000708200000, 0x0000000708300000|  0%| F|  |TAMS 0x0000000708200000, 0x0000000708200000| Untracked 
| 115|0x0000000708300000, 0x0000000708300000, 0x0000000708400000|  0%| F|  |TAMS 0x0000000708300000, 0x0000000708300000| Untracked 
| 116|0x0000000708400000, 0x0000000708400000, 0x0000000708500000|  0%| F|  |TAMS 0x0000000708400000, 0x0000000708400000| Untracked 
| 117|0x0000000708500000, 0x0000000708500000, 0x0000000708600000|  0%| F|  |TAMS 0x0000000708500000, 0x0000000708500000| Untracked 
| 118|0x0000000708600000, 0x0000000708600000, 0x0000000708700000|  0%| F|  |TAMS 0x0000000708600000, 0x0000000708600000| Untracked 
| 119|0x0000000708700000, 0x0000000708700000, 0x0000000708800000|  0%| F|  |TAMS 0x0000000708700000, 0x0000000708700000| Untracked 
| 120|0x0000000708800000, 0x0000000708800000, 0x0000000708900000|  0%| F|  |TAMS 0x0000000708800000, 0x0000000708800000| Untracked 
| 121|0x0000000708900000, 0x0000000708900000, 0x0000000708a00000|  0%| F|  |TAMS 0x0000000708900000, 0x0000000708900000| Untracked 
| 122|0x0000000708a00000, 0x0000000708a00000, 0x0000000708b00000|  0%| F|  |TAMS 0x0000000708a00000, 0x0000000708a00000| Untracked 
| 123|0x0000000708b00000, 0x0000000708b00000, 0x0000000708c00000|  0%| F|  |TAMS 0x0000000708b00000, 0x0000000708b00000| Untracked 
| 124|0x0000000708c00000, 0x0000000708c00000, 0x0000000708d00000|  0%| F|  |TAMS 0x0000000708c00000, 0x0000000708c00000| Untracked 
| 125|0x0000000708d00000, 0x0000000708d00000, 0x0000000708e00000|  0%| F|  |TAMS 0x0000000708d00000, 0x0000000708d00000| Untracked 
| 126|0x0000000708e00000, 0x0000000708e00000, 0x0000000708f00000|  0%| F|  |TAMS 0x0000000708e00000, 0x0000000708e00000| Untracked 
| 127|0x0000000708f00000, 0x0000000708f00000, 0x0000000709000000|  0%| F|  |TAMS 0x0000000708f00000, 0x0000000708f00000| Untracked 
| 128|0x0000000709000000, 0x0000000709000000, 0x0000000709100000|  0%| F|  |TAMS 0x0000000709000000, 0x0000000709000000| Untracked 
| 129|0x0000000709100000, 0x0000000709100000, 0x0000000709200000|  0%| F|  |TAMS 0x0000000709100000, 0x0000000709100000| Untracked 
| 130|0x0000000709200000, 0x0000000709200000, 0x0000000709300000|  0%| F|  |TAMS 0x0000000709200000, 0x0000000709200000| Untracked 
| 131|0x0000000709300000, 0x0000000709300000, 0x0000000709400000|  0%| F|  |TAMS 0x0000000709300000, 0x0000000709300000| Untracked 
| 132|0x0000000709400000, 0x0000000709400000, 0x0000000709500000|  0%| F|  |TAMS 0x0000000709400000, 0x0000000709400000| Untracked 
| 133|0x0000000709500000, 0x0000000709500000, 0x0000000709600000|  0%| F|  |TAMS 0x0000000709500000, 0x0000000709500000| Untracked 
| 134|0x0000000709600000, 0x0000000709600000, 0x0000000709700000|  0%| F|  |TAMS 0x0000000709600000, 0x0000000709600000| Untracked 
| 135|0x0000000709700000, 0x0000000709700000, 0x0000000709800000|  0%| F|  |TAMS 0x0000000709700000, 0x0000000709700000| Untracked 
| 136|0x0000000709800000, 0x0000000709800000, 0x0000000709900000|  0%| F|  |TAMS 0x0000000709800000, 0x0000000709800000| Untracked 
| 137|0x0000000709900000, 0x0000000709900000, 0x0000000709a00000|  0%| F|  |TAMS 0x0000000709900000, 0x0000000709900000| Untracked 
| 138|0x0000000709a00000, 0x0000000709a00000, 0x0000000709b00000|  0%| F|  |TAMS 0x0000000709a00000, 0x0000000709a00000| Untracked 
| 139|0x0000000709b00000, 0x0000000709b00000, 0x0000000709c00000|  0%| F|  |TAMS 0x0000000709b00000, 0x0000000709b00000| Untracked 
| 140|0x0000000709c00000, 0x0000000709c00000, 0x0000000709d00000|  0%| F|  |TAMS 0x0000000709c00000, 0x0000000709c00000| Untracked 
| 141|0x0000000709d00000, 0x0000000709d00000, 0x0000000709e00000|  0%| F|  |TAMS 0x0000000709d00000, 0x0000000709d00000| Untracked 
| 142|0x0000000709e00000, 0x0000000709e00000, 0x0000000709f00000|  0%| F|  |TAMS 0x0000000709e00000, 0x0000000709e00000| Untracked 
| 143|0x0000000709f00000, 0x0000000709f00000, 0x000000070a000000|  0%| F|  |TAMS 0x0000000709f00000, 0x0000000709f00000| Untracked 
| 144|0x000000070a000000, 0x000000070a000000, 0x000000070a100000|  0%| F|  |TAMS 0x000000070a000000, 0x000000070a000000| Untracked 
| 145|0x000000070a100000, 0x000000070a100000, 0x000000070a200000|  0%| F|  |TAMS 0x000000070a100000, 0x000000070a100000| Untracked 
| 146|0x000000070a200000, 0x000000070a200000, 0x000000070a300000|  0%| F|  |TAMS 0x000000070a200000, 0x000000070a200000| Untracked 
| 147|0x000000070a300000, 0x000000070a300000, 0x000000070a400000|  0%| F|  |TAMS 0x000000070a300000, 0x000000070a300000| Untracked 
| 148|0x000000070a400000, 0x000000070a400000, 0x000000070a500000|  0%| F|  |TAMS 0x000000070a400000, 0x000000070a400000| Untracked 
| 149|0x000000070a500000, 0x000000070a500000, 0x000000070a600000|  0%| F|  |TAMS 0x000000070a500000, 0x000000070a500000| Untracked 
| 150|0x000000070a600000, 0x000000070a600000, 0x000000070a700000|  0%| F|  |TAMS 0x000000070a600000, 0x000000070a600000| Untracked 
| 151|0x000000070a700000, 0x000000070a700000, 0x000000070a800000|  0%| F|  |TAMS 0x000000070a700000, 0x000000070a700000| Untracked 
| 152|0x000000070a800000, 0x000000070a800000, 0x000000070a900000|  0%| F|  |TAMS 0x000000070a800000, 0x000000070a800000| Untracked 
| 153|0x000000070a900000, 0x000000070a900000, 0x000000070aa00000|  0%| F|  |TAMS 0x000000070a900000, 0x000000070a900000| Untracked 
| 154|0x000000070aa00000, 0x000000070aa00000, 0x000000070ab00000|  0%| F|  |TAMS 0x000000070aa00000, 0x000000070aa00000| Untracked 
| 155|0x000000070ab00000, 0x000000070ab00000, 0x000000070ac00000|  0%| F|  |TAMS 0x000000070ab00000, 0x000000070ab00000| Untracked 
| 156|0x000000070ac00000, 0x000000070ac00000, 0x000000070ad00000|  0%| F|  |TAMS 0x000000070ac00000, 0x000000070ac00000| Untracked 
| 157|0x000000070ad00000, 0x000000070ad00000, 0x000000070ae00000|  0%| F|  |TAMS 0x000000070ad00000, 0x000000070ad00000| Untracked 
| 158|0x000000070ae00000, 0x000000070ae00000, 0x000000070af00000|  0%| F|  |TAMS 0x000000070ae00000, 0x000000070ae00000| Untracked 
| 159|0x000000070af00000, 0x000000070af00000, 0x000000070b000000|  0%| F|  |TAMS 0x000000070af00000, 0x000000070af00000| Untracked 
| 160|0x000000070b000000, 0x000000070b000000, 0x000000070b100000|  0%| F|  |TAMS 0x000000070b000000, 0x000000070b000000| Untracked 
| 161|0x000000070b100000, 0x000000070b100000, 0x000000070b200000|  0%| F|  |TAMS 0x000000070b100000, 0x000000070b100000| Untracked 
| 162|0x000000070b200000, 0x000000070b200000, 0x000000070b300000|  0%| F|  |TAMS 0x000000070b200000, 0x000000070b200000| Untracked 
| 163|0x000000070b300000, 0x000000070b300000, 0x000000070b400000|  0%| F|  |TAMS 0x000000070b300000, 0x000000070b300000| Untracked 
| 164|0x000000070b400000, 0x000000070b400000, 0x000000070b500000|  0%| F|  |TAMS 0x000000070b400000, 0x000000070b400000| Untracked 
| 165|0x000000070b500000, 0x000000070b500000, 0x000000070b600000|  0%| F|  |TAMS 0x000000070b500000, 0x000000070b500000| Untracked 
| 166|0x000000070b600000, 0x000000070b600000, 0x000000070b700000|  0%| F|  |TAMS 0x000000070b600000, 0x000000070b600000| Untracked 
| 167|0x000000070b700000, 0x000000070b700000, 0x000000070b800000|  0%| F|  |TAMS 0x000000070b700000, 0x000000070b700000| Untracked 
| 168|0x000000070b800000, 0x000000070b800000, 0x000000070b900000|  0%| F|  |TAMS 0x000000070b800000, 0x000000070b800000| Untracked 
| 169|0x000000070b900000, 0x000000070b900000, 0x000000070ba00000|  0%| F|  |TAMS 0x000000070b900000, 0x000000070b900000| Untracked 
| 170|0x000000070ba00000, 0x000000070ba00000, 0x000000070bb00000|  0%| F|  |TAMS 0x000000070ba00000, 0x000000070ba00000| Untracked 
| 171|0x000000070bb00000, 0x000000070bb00000, 0x000000070bc00000|  0%| F|  |TAMS 0x000000070bb00000, 0x000000070bb00000| Untracked 
| 172|0x000000070bc00000, 0x000000070bc00000, 0x000000070bd00000|  0%| F|  |TAMS 0x000000070bc00000, 0x000000070bc00000| Untracked 
| 173|0x000000070bd00000, 0x000000070bd00000, 0x000000070be00000|  0%| F|  |TAMS 0x000000070bd00000, 0x000000070bd00000| Untracked 
| 174|0x000000070be00000, 0x000000070be00000, 0x000000070bf00000|  0%| F|  |TAMS 0x000000070be00000, 0x000000070be00000| Untracked 
| 175|0x000000070bf00000, 0x000000070bf00000, 0x000000070c000000|  0%| F|  |TAMS 0x000000070bf00000, 0x000000070bf00000| Untracked 
| 176|0x000000070c000000, 0x000000070c000000, 0x000000070c100000|  0%| F|  |TAMS 0x000000070c000000, 0x000000070c000000| Untracked 
| 177|0x000000070c100000, 0x000000070c100000, 0x000000070c200000|  0%| F|  |TAMS 0x000000070c100000, 0x000000070c100000| Untracked 
| 178|0x000000070c200000, 0x000000070c200000, 0x000000070c300000|  0%| F|  |TAMS 0x000000070c200000, 0x000000070c200000| Untracked 
| 179|0x000000070c300000, 0x000000070c300000, 0x000000070c400000|  0%| F|  |TAMS 0x000000070c300000, 0x000000070c300000| Untracked 
| 180|0x000000070c400000, 0x000000070c400000, 0x000000070c500000|  0%| F|  |TAMS 0x000000070c400000, 0x000000070c400000| Untracked 
| 181|0x000000070c500000, 0x000000070c500000, 0x000000070c600000|  0%| F|  |TAMS 0x000000070c500000, 0x000000070c500000| Untracked 
| 182|0x000000070c600000, 0x000000070c600000, 0x000000070c700000|  0%| F|  |TAMS 0x000000070c600000, 0x000000070c600000| Untracked 
| 183|0x000000070c700000, 0x000000070c700000, 0x000000070c800000|  0%| F|  |TAMS 0x000000070c700000, 0x000000070c700000| Untracked 
| 184|0x000000070c800000, 0x000000070c800000, 0x000000070c900000|  0%| F|  |TAMS 0x000000070c800000, 0x000000070c800000| Untracked 
| 185|0x000000070c900000, 0x000000070c900000, 0x000000070ca00000|  0%| F|  |TAMS 0x000000070c900000, 0x000000070c900000| Untracked 
| 186|0x000000070ca00000, 0x000000070ca00000, 0x000000070cb00000|  0%| F|  |TAMS 0x000000070ca00000, 0x000000070ca00000| Untracked 
| 187|0x000000070cb00000, 0x000000070cb00000, 0x000000070cc00000|  0%| F|  |TAMS 0x000000070cb00000, 0x000000070cb00000| Untracked 
| 188|0x000000070cc00000, 0x000000070cc00000, 0x000000070cd00000|  0%| F|  |TAMS 0x000000070cc00000, 0x000000070cc00000| Untracked 
| 189|0x000000070cd00000, 0x000000070cd00000, 0x000000070ce00000|  0%| F|  |TAMS 0x000000070cd00000, 0x000000070cd00000| Untracked 
| 190|0x000000070ce00000, 0x000000070ce00000, 0x000000070cf00000|  0%| F|  |TAMS 0x000000070ce00000, 0x000000070ce00000| Untracked 
| 191|0x000000070cf00000, 0x000000070cf00000, 0x000000070d000000|  0%| F|  |TAMS 0x000000070cf00000, 0x000000070cf00000| Untracked 
| 192|0x000000070d000000, 0x000000070d000000, 0x000000070d100000|  0%| F|  |TAMS 0x000000070d000000, 0x000000070d000000| Untracked 
| 193|0x000000070d100000, 0x000000070d100000, 0x000000070d200000|  0%| F|  |TAMS 0x000000070d100000, 0x000000070d100000| Untracked 
| 194|0x000000070d200000, 0x000000070d200000, 0x000000070d300000|  0%| F|  |TAMS 0x000000070d200000, 0x000000070d200000| Untracked 
| 195|0x000000070d300000, 0x000000070d300000, 0x000000070d400000|  0%| F|  |TAMS 0x000000070d300000, 0x000000070d300000| Untracked 
| 196|0x000000070d400000, 0x000000070d400000, 0x000000070d500000|  0%| F|  |TAMS 0x000000070d400000, 0x000000070d400000| Untracked 
| 197|0x000000070d500000, 0x000000070d500000, 0x000000070d600000|  0%| F|  |TAMS 0x000000070d500000, 0x000000070d500000| Untracked 
| 198|0x000000070d600000, 0x000000070d600000, 0x000000070d700000|  0%| F|  |TAMS 0x000000070d600000, 0x000000070d600000| Untracked 
| 199|0x000000070d700000, 0x000000070d700000, 0x000000070d800000|  0%| F|  |TAMS 0x000000070d700000, 0x000000070d700000| Untracked 
| 200|0x000000070d800000, 0x000000070d800000, 0x000000070d900000|  0%| F|  |TAMS 0x000000070d800000, 0x000000070d800000| Untracked 
| 201|0x000000070d900000, 0x000000070d900000, 0x000000070da00000|  0%| F|  |TAMS 0x000000070d900000, 0x000000070d900000| Untracked 
| 202|0x000000070da00000, 0x000000070da00000, 0x000000070db00000|  0%| F|  |TAMS 0x000000070da00000, 0x000000070da00000| Untracked 
| 203|0x000000070db00000, 0x000000070dc00000, 0x000000070dc00000|100%| E|  |TAMS 0x000000070db00000, 0x000000070db00000| Complete 
| 204|0x000000070dc00000, 0x000000070dd00000, 0x000000070dd00000|100%| E|CS|TAMS 0x000000070dc00000, 0x000000070dc00000| Complete 
| 205|0x000000070dd00000, 0x000000070de00000, 0x000000070de00000|100%| E|CS|TAMS 0x000000070dd00000, 0x000000070dd00000| Complete 
| 206|0x000000070de00000, 0x000000070df00000, 0x000000070df00000|100%| E|CS|TAMS 0x000000070de00000, 0x000000070de00000| Complete 
| 207|0x000000070df00000, 0x000000070e000000, 0x000000070e000000|100%| E|CS|TAMS 0x000000070df00000, 0x000000070df00000| Complete 
| 208|0x000000070e000000, 0x000000070e100000, 0x000000070e100000|100%| E|CS|TAMS 0x000000070e000000, 0x000000070e000000| Complete 
| 209|0x000000070e100000, 0x000000070e200000, 0x000000070e200000|100%| E|CS|TAMS 0x000000070e100000, 0x000000070e100000| Complete 
| 210|0x000000070e200000, 0x000000070e300000, 0x000000070e300000|100%| E|CS|TAMS 0x000000070e200000, 0x000000070e200000| Complete 
| 211|0x000000070e300000, 0x000000070e400000, 0x000000070e400000|100%| E|CS|TAMS 0x000000070e300000, 0x000000070e300000| Complete 
| 212|0x000000070e400000, 0x000000070e500000, 0x000000070e500000|100%| E|CS|TAMS 0x000000070e400000, 0x000000070e400000| Complete 
| 213|0x000000070e500000, 0x000000070e600000, 0x000000070e600000|100%| E|CS|TAMS 0x000000070e500000, 0x000000070e500000| Complete 
| 214|0x000000070e600000, 0x000000070e700000, 0x000000070e700000|100%| E|CS|TAMS 0x000000070e600000, 0x000000070e600000| Complete 
| 215|0x000000070e700000, 0x000000070e800000, 0x000000070e800000|100%| E|CS|TAMS 0x000000070e700000, 0x000000070e700000| Complete 
| 216|0x000000070e800000, 0x000000070e900000, 0x000000070e900000|100%| E|CS|TAMS 0x000000070e800000, 0x000000070e800000| Complete 
| 217|0x000000070e900000, 0x000000070ea00000, 0x000000070ea00000|100%| E|CS|TAMS 0x000000070e900000, 0x000000070e900000| Complete 
| 218|0x000000070ea00000, 0x000000070eb00000, 0x000000070eb00000|100%| E|CS|TAMS 0x000000070ea00000, 0x000000070ea00000| Complete 
| 219|0x000000070eb00000, 0x000000070ec00000, 0x000000070ec00000|100%| E|CS|TAMS 0x000000070eb00000, 0x000000070eb00000| Complete 
| 220|0x000000070ec00000, 0x000000070ed00000, 0x000000070ed00000|100%| E|CS|TAMS 0x000000070ec00000, 0x000000070ec00000| Complete 
| 221|0x000000070ed00000, 0x000000070ee00000, 0x000000070ee00000|100%| E|CS|TAMS 0x000000070ed00000, 0x000000070ed00000| Complete 
| 222|0x000000070ee00000, 0x000000070ef00000, 0x000000070ef00000|100%| E|CS|TAMS 0x000000070ee00000, 0x000000070ee00000| Complete 
| 223|0x000000070ef00000, 0x000000070f000000, 0x000000070f000000|100%| E|CS|TAMS 0x000000070ef00000, 0x000000070ef00000| Complete 
| 224|0x000000070f000000, 0x000000070f100000, 0x000000070f100000|100%| E|CS|TAMS 0x000000070f000000, 0x000000070f000000| Complete 
| 225|0x000000070f100000, 0x000000070f200000, 0x000000070f200000|100%| E|CS|TAMS 0x000000070f100000, 0x000000070f100000| Complete 
| 226|0x000000070f200000, 0x000000070f300000, 0x000000070f300000|100%| E|CS|TAMS 0x000000070f200000, 0x000000070f200000| Complete 
| 227|0x000000070f300000, 0x000000070f400000, 0x000000070f400000|100%| E|CS|TAMS 0x000000070f300000, 0x000000070f300000| Complete 
| 228|0x000000070f400000, 0x000000070f500000, 0x000000070f500000|100%| E|CS|TAMS 0x000000070f400000, 0x000000070f400000| Complete 
| 229|0x000000070f500000, 0x000000070f600000, 0x000000070f600000|100%| S|CS|TAMS 0x000000070f500000, 0x000000070f500000| Complete 
| 230|0x000000070f600000, 0x000000070f700000, 0x000000070f700000|100%| S|CS|TAMS 0x000000070f600000, 0x000000070f600000| Complete 
| 231|0x000000070f700000, 0x000000070f800000, 0x000000070f800000|100%| S|CS|TAMS 0x000000070f700000, 0x000000070f700000| Complete 
| 232|0x000000070f800000, 0x000000070f900000, 0x000000070f900000|100%| E|CS|TAMS 0x000000070f800000, 0x000000070f800000| Complete 
| 233|0x000000070f900000, 0x000000070fa00000, 0x000000070fa00000|100%| E|CS|TAMS 0x000000070f900000, 0x000000070f900000| Complete 
| 234|0x000000070fa00000, 0x000000070fb00000, 0x000000070fb00000|100%| E|CS|TAMS 0x000000070fa00000, 0x000000070fa00000| Complete 
| 235|0x000000070fb00000, 0x000000070fc00000, 0x000000070fc00000|100%| E|CS|TAMS 0x000000070fb00000, 0x000000070fb00000| Complete 
| 236|0x000000070fc00000, 0x000000070fd00000, 0x000000070fd00000|100%| E|CS|TAMS 0x000000070fc00000, 0x000000070fc00000| Complete 
| 237|0x000000070fd00000, 0x000000070fe00000, 0x000000070fe00000|100%| E|CS|TAMS 0x000000070fd00000, 0x000000070fd00000| Complete 
| 238|0x000000070fe00000, 0x000000070ff00000, 0x000000070ff00000|100%| E|CS|TAMS 0x000000070fe00000, 0x000000070fe00000| Complete 
| 239|0x000000070ff00000, 0x0000000710000000, 0x0000000710000000|100%| E|CS|TAMS 0x000000070ff00000, 0x000000070ff00000| Complete 
| 240|0x0000000710000000, 0x0000000710100000, 0x0000000710100000|100%| E|CS|TAMS 0x0000000710000000, 0x0000000710000000| Complete 
| 241|0x0000000710100000, 0x0000000710200000, 0x0000000710200000|100%| E|CS|TAMS 0x0000000710100000, 0x0000000710100000| Complete 
| 242|0x0000000710200000, 0x0000000710300000, 0x0000000710300000|100%| E|CS|TAMS 0x0000000710200000, 0x0000000710200000| Complete 
| 243|0x0000000710300000, 0x0000000710400000, 0x0000000710400000|100%| E|CS|TAMS 0x0000000710300000, 0x0000000710300000| Complete 
| 244|0x0000000710400000, 0x0000000710500000, 0x0000000710500000|100%| E|CS|TAMS 0x0000000710400000, 0x0000000710400000| Complete 
| 245|0x0000000710500000, 0x0000000710600000, 0x0000000710600000|100%| E|CS|TAMS 0x0000000710500000, 0x0000000710500000| Complete 
| 246|0x0000000710600000, 0x0000000710700000, 0x0000000710700000|100%| E|CS|TAMS 0x0000000710600000, 0x0000000710600000| Complete 
| 247|0x0000000710700000, 0x0000000710800000, 0x0000000710800000|100%| E|CS|TAMS 0x0000000710700000, 0x0000000710700000| Complete 
| 248|0x0000000710800000, 0x0000000710900000, 0x0000000710900000|100%| E|CS|TAMS 0x0000000710800000, 0x0000000710800000| Complete 
| 249|0x0000000710900000, 0x0000000710a00000, 0x0000000710a00000|100%| E|CS|TAMS 0x0000000710900000, 0x0000000710900000| Complete 
| 250|0x0000000710a00000, 0x0000000710b00000, 0x0000000710b00000|100%| E|CS|TAMS 0x0000000710a00000, 0x0000000710a00000| Complete 
| 251|0x0000000710b00000, 0x0000000710c00000, 0x0000000710c00000|100%| E|CS|TAMS 0x0000000710b00000, 0x0000000710b00000| Complete 
| 252|0x0000000710c00000, 0x0000000710d00000, 0x0000000710d00000|100%| E|CS|TAMS 0x0000000710c00000, 0x0000000710c00000| Complete 
| 253|0x0000000710d00000, 0x0000000710e00000, 0x0000000710e00000|100%| E|CS|TAMS 0x0000000710d00000, 0x0000000710d00000| Complete 
| 254|0x0000000710e00000, 0x0000000710f00000, 0x0000000710f00000|100%| E|CS|TAMS 0x0000000710e00000, 0x0000000710e00000| Complete 
| 255|0x0000000710f00000, 0x0000000711000000, 0x0000000711000000|100%| E|CS|TAMS 0x0000000710f00000, 0x0000000710f00000| Complete 

Card table byte_map: [0x000001e0c5770000,0x000001e0c5f70000] _byte_map_base: 0x000001e0c1f68000

Marking Bits (Prev, Next): (CMBitMap*) 0x000001e0acf9d088, (CMBitMap*) 0x000001e0acf9d0c0
 Prev Bits: [0x000001e0c6770000, 0x000001e0ca730000)
 Next Bits: [0x000001e0ca730000, 0x000001e0ce6f0000)

Polling page: 0x000001e0ad020000

Metaspace:

Usage:
  Non-class:     16.18 MB capacity,    15.75 MB ( 97%) used,   381.94 KB (  2%) free+waste,    63.56 KB ( <1%) overhead. 
      Class:      3.05 MB capacity,     2.55 MB ( 84%) used,   475.77 KB ( 15%) free+waste,    35.06 KB (  1%) overhead. 
       Both:     19.23 MB capacity,    18.30 MB ( 95%) used,   857.70 KB (  4%) free+waste,    98.63 KB ( <1%) overhead. 

Virtual space:
  Non-class space:       18.00 MB reserved,      16.25 MB ( 90%) committed 
      Class space:        1.00 GB reserved,       3.13 MB ( <1%) committed 
             Both:        1.02 GB reserved,      19.38 MB (  2%) committed 

Chunk freelists:
   Non-Class:  512 bytes
       Class:  1.63 KB
        Both:  2.13 KB

CodeHeap 'non-profiled nmethods': size=120000Kb used=737Kb max_used=737Kb free=119262Kb
 bounds [0x000001e0bcd80000, 0x000001e0bcff0000, 0x000001e0c42b0000]
CodeHeap 'profiled nmethods': size=120000Kb used=3763Kb max_used=3776Kb free=116237Kb
 bounds [0x000001e0b5850000, 0x000001e0b5c10000, 0x000001e0bcd80000]
CodeHeap 'non-nmethods': size=5760Kb used=1299Kb max_used=1335Kb free=4460Kb
 bounds [0x000001e0b52b0000, 0x000001e0b5520000, 0x000001e0b5850000]
 total_blobs=2827 nmethods=1703 adapters=484
 compilation: enabled
              stopped_count=0, restarted_count=0
 full_count=0

Compilation events (10 events):
Event: 1350.930 Thread 0x000001e0d1db1000 nmethod 1890 0x000001e0bce34c90 code [0x000001e0bce34e40, 0x000001e0bce34f58]
Event: 1350.930 Thread 0x000001e0d1db1000 1891       1       sun.util.locale.LanguageTag::getPrivateuse (5 bytes)
Event: 1350.930 Thread 0x000001e0d1db1000 nmethod 1891 0x000001e0bce35010 code [0x000001e0bce351c0, 0x000001e0bce352d8]
Event: 1350.935 Thread 0x000001e0d1dad000 1892   !   4       sun.java2d.SunGraphics2D::drawLine (74 bytes)
Event: 1350.955 Thread 0x000001e0d1dad000 nmethod 1892 0x000001e0bce35390 code [0x000001e0bce35620, 0x000001e0bce36e80]
Event: 1353.296 Thread 0x000001e0d1dad000 1893       4       java.util.HashSet::add (20 bytes)
Event: 1353.297 Thread 0x000001e0d1dad000 nmethod 1893 0x000001e0bce37f90 code [0x000001e0bce38140, 0x000001e0bce382e8]
Event: 1355.685 Thread 0x000001e0d1dad000 1894       4       java.security.AccessControlContext::<init> (30 bytes)
Event: 1355.687 Thread 0x000001e0d1dad000 nmethod 1894 0x000001e0bce38490 code [0x000001e0bce38620, 0x000001e0bce38898]
Event: 1355.923 Thread 0x000001e0d1dad000 1895   !   4       sun.awt.PostEventQueue::flush (168 bytes)

GC Heap History (2 events):
Event: 268.074 GC heap before
{Heap before GC invocations=0 (full 0):
 garbage-first heap   total 262144K, used 23552K [0x0000000701000000, 0x0000000800000000)
  region size 1024K, 24 young (24576K), 0 survivors (0K)
 Metaspace       used 14993K, capacity 15471K, committed 15616K, reserved 1062912K
  class space    used 1524K, capacity 1693K, committed 1792K, reserved 1048576K
}
Event: 268.107 GC heap after
{Heap after GC invocations=1 (full 0):
 garbage-first heap   total 262144K, used 3112K [0x0000000701000000, 0x0000000800000000)
  region size 1024K, 3 young (3072K), 3 survivors (3072K)
 Metaspace       used 14993K, capacity 15471K, committed 15616K, reserved 1062912K
  class space    used 1524K, capacity 1693K, committed 1792K, reserved 1048576K
}

Deoptimization events (10 events):
Event: 1056.679 Thread 0x000001e0d94b4000 Uncommon trap: reason=class_check action=maybe_recompile pc=0x000001e0bcdf339c method=java.util.HashMap.putVal(ILjava/lang/Object;Ljava/lang/Object;ZZ)Ljava/lang/Object; @ 91 c2
Event: 1056.702 Thread 0x000001e0d94b4000 Uncommon trap: reason=unstable_if action=reinterpret pc=0x000001e0bcdf46a8 method=jdk.internal.logger.LazyLoggers$LazyLoggerAccessor.platform()Lsun/util/logging/PlatformLogger$Bridge; @ 6 c2
Event: 1056.706 Thread 0x000001e0d23da000 Uncommon trap: reason=unstable_if action=reinterpret pc=0x000001e0bcdbd6d0 method=sun.awt.AWTAutoShutdown.setToolkitBusy(Z)V @ 52 c2
Event: 1056.707 Thread 0x000001e0d94ae000 Uncommon trap: reason=class_check action=maybe_recompile pc=0x000001e0bcdfe860 method=java.awt.EventQueue.coalesceEvent(Ljava/awt/AWTEvent;I)Z @ 61 c2
Event: 1056.709 Thread 0x000001e0d94ae000 Uncommon trap: reason=class_check action=maybe_recompile pc=0x000001e0bcdfe860 method=java.awt.EventQueue.coalesceEvent(Ljava/awt/AWTEvent;I)Z @ 61 c2
Event: 1056.712 Thread 0x000001e0d94ae000 Uncommon trap: reason=class_check action=maybe_recompile pc=0x000001e0bcdfe860 method=java.awt.EventQueue.coalesceEvent(Ljava/awt/AWTEvent;I)Z @ 61 c2
Event: 1056.712 Thread 0x000001e0d94b4000 Uncommon trap: reason=unstable_if action=reinterpret pc=0x000001e0bcdfac28 method=sun.awt.PostEventQueue.flush()V @ 23 c2
Event: 1056.715 Thread 0x000001e0d94ae000 Uncommon trap: reason=unstable_if action=reinterpret pc=0x000001e0bcdf3d4c method=jdk.internal.logger.LazyLoggers$LazyLoggerAccessor.platform()Lsun/util/logging/PlatformLogger$Bridge; @ 6 c2
Event: 1056.751 Thread 0x000001e0d94b4000 Uncommon trap: reason=unstable_if action=reinterpret pc=0x000001e0bce05f14 method=java.lang.StringCoding.hasNegatives([BII)Z @ 12 c2
Event: 1058.734 Thread 0x000001e0d94ae000 Uncommon trap: reason=unstable_if action=reinterpret pc=0x000001e0bce150b4 method=java.awt.EventQueue.uncacheEQItem(Lsun/awt/EventQueueItem;)V @ 23 c2

Classes redefined (0 events):
No events

Internal exceptions (10 events):
Event: 1265.298 Thread 0x000001e0d94b3000 Exception <a 'java/security/PrivilegedActionException'{0x000000070e80a108}> (0x000000070e80a108) thrown at [t:/workspace/open/src/hotspot/share/prims/jvm.cpp, line 1307]
Event: 1265.298 Thread 0x000001e0d94b3000 Exception <a 'java/security/PrivilegedActionException'{0x000000070e80a3d8}> (0x000000070e80a3d8) thrown at [t:/workspace/open/src/hotspot/share/prims/jvm.cpp, line 1307]
Event: 1297.787 Thread 0x000001e0d94b4000 Exception <a 'java/security/PrivilegedActionException'{0x000000070e50a6c0}> (0x000000070e50a6c0) thrown at [t:/workspace/open/src/hotspot/share/prims/jvm.cpp, line 1307]
Event: 1297.787 Thread 0x000001e0d94b4000 Exception <a 'java/security/PrivilegedActionException'{0x000000070e50a990}> (0x000000070e50a990) thrown at [t:/workspace/open/src/hotspot/share/prims/jvm.cpp, line 1307]
Event: 1312.363 Thread 0x000001e0d94ae000 Exception <a 'java/security/PrivilegedActionException'{0x000000070e20a6c0}> (0x000000070e20a6c0) thrown at [t:/workspace/open/src/hotspot/share/prims/jvm.cpp, line 1307]
Event: 1312.363 Thread 0x000001e0d94ae000 Exception <a 'java/security/PrivilegedActionException'{0x000000070e20a990}> (0x000000070e20a990) thrown at [t:/workspace/open/src/hotspot/share/prims/jvm.cpp, line 1307]
Event: 1326.458 Thread 0x000001e0d94b5000 Exception <a 'java/security/PrivilegedActionException'{0x000000070df0a108}> (0x000000070df0a108) thrown at [t:/workspace/open/src/hotspot/share/prims/jvm.cpp, line 1307]
Event: 1326.458 Thread 0x000001e0d94b5000 Exception <a 'java/security/PrivilegedActionException'{0x000000070df0a3d8}> (0x000000070df0a3d8) thrown at [t:/workspace/open/src/hotspot/share/prims/jvm.cpp, line 1307]
Event: 1350.829 Thread 0x000001e0d94ae000 Exception <a 'java/security/PrivilegedActionException'{0x000000070dc0a108}> (0x000000070dc0a108) thrown at [t:/workspace/open/src/hotspot/share/prims/jvm.cpp, line 1307]
Event: 1350.829 Thread 0x000001e0d94ae000 Exception <a 'java/security/PrivilegedActionException'{0x000000070dc0a3d8}> (0x000000070dc0a3d8) thrown at [t:/workspace/open/src/hotspot/share/prims/jvm.cpp, line 1307]

Events (10 events):
Event: 1350.934 Thread 0x000001e0d94ae000 Thread exited: 0x000001e0d94ae000
Event: 1350.935 Executing VM operation: GetFrameCount
Event: 1350.935 Executing VM operation: GetFrameCount done
Event: 1350.935 Executing VM operation: GetStackTrace
Event: 1350.935 Executing VM operation: GetStackTrace done
Event: 1351.871 Executing VM operation: RevokeBias
Event: 1351.871 Executing VM operation: RevokeBias done
Event: 1351.871 Executing VM operation: RevokeBias
Event: 1351.872 Executing VM operation: RevokeBias done
Event: 1351.872 Thread 0x000001e0d94b3000 Thread exited: 0x000001e0d94b3000


Dynamic libraries:
0x00007ff676fd0000 - 0x00007ff677015000 	D:\BLUEJ\jdk\bin\java.exe
0x00007ffde9070000 - 0x00007ffde9265000 	C:\WINDOWS\SYSTEM32\ntdll.dll
0x00007ffde70b0000 - 0x00007ffde716d000 	C:\WINDOWS\System32\KERNEL32.DLL
0x00007ffde68c0000 - 0x00007ffde6b88000 	C:\WINDOWS\System32\KERNELBASE.dll
0x00007ffde73d0000 - 0x00007ffde7570000 	C:\WINDOWS\System32\USER32.dll
0x00007ffde6890000 - 0x00007ffde68b2000 	C:\WINDOWS\System32\win32u.dll
0x00007ffde8f80000 - 0x00007ffde8faa000 	C:\WINDOWS\System32\GDI32.dll
0x00007ffde6780000 - 0x00007ffde688b000 	C:\WINDOWS\System32\gdi32full.dll
0x00007ffde6b90000 - 0x00007ffde6c2d000 	C:\WINDOWS\System32\msvcp_win.dll
0x00007ffde6c30000 - 0x00007ffde6d30000 	C:\WINDOWS\System32\ucrtbase.dll
0x00007ffde5ba0000 - 0x00007ffde5e3a000 	C:\WINDOWS\WinSxS\amd64_microsoft.windows.common-controls_6595b64144ccf1df_6.0.19041.1052_none_60b8f8fd71f5e8cb\COMCTL32.dll
0x00007ffde7e00000 - 0x00007ffde7e9e000 	C:\WINDOWS\System32\msvcrt.dll
0x00007ffde8fb0000 - 0x00007ffde8fe0000 	C:\WINDOWS\System32\IMM32.DLL
0x00007ffde15d0000 - 0x00007ffde15e6000 	D:\BLUEJ\jdk\bin\vcruntime140.dll
0x00007ffd9add0000 - 0x00007ffd9ae7a000 	D:\BLUEJ\jdk\bin\msvcp140.dll
0x00007ffd961a0000 - 0x00007ffd96cc3000 	D:\BLUEJ\jdk\bin\server\jvm.dll
0x00007ffde7ab0000 - 0x00007ffde7b5c000 	C:\WINDOWS\System32\ADVAPI32.dll
0x00007ffde7c30000 - 0x00007ffde7ccb000 	C:\WINDOWS\System32\sechost.dll
0x00007ffde7cd0000 - 0x00007ffde7dfb000 	C:\WINDOWS\System32\RPCRT4.dll
0x00007ffde7580000 - 0x00007ffde7588000 	C:\WINDOWS\System32\PSAPI.DLL
0x00007ffdcec20000 - 0x00007ffdcec29000 	C:\WINDOWS\SYSTEM32\WSOCK32.dll
0x00007ffddfd00000 - 0x00007ffddfd0a000 	C:\WINDOWS\SYSTEM32\VERSION.dll
0x00007ffdd60f0000 - 0x00007ffdd6117000 	C:\WINDOWS\SYSTEM32\WINMM.dll
0x00007ffde79e0000 - 0x00007ffde7a4b000 	C:\WINDOWS\System32\WS2_32.dll
0x00007ffde4a50000 - 0x00007ffde4a62000 	C:\WINDOWS\SYSTEM32\kernel.appcore.dll
0x00007ffde15b0000 - 0x00007ffde15c1000 	D:\BLUEJ\jdk\bin\verify.dll
0x00007ffde61b0000 - 0x00007ffde6394000 	C:\WINDOWS\SYSTEM32\DBGHELP.DLL
0x00007ffde5f60000 - 0x00007ffde5f8c000 	C:\WINDOWS\SYSTEM32\dbgcore.DLL
0x00007ffde6d30000 - 0x00007ffde6db3000 	C:\WINDOWS\System32\bcryptPrimitives.dll
0x00007ffdc9540000 - 0x00007ffdc9568000 	D:\BLUEJ\jdk\bin\java.dll
0x00007ffd9ad90000 - 0x00007ffd9adc7000 	D:\BLUEJ\jdk\bin\jdwp.dll
0x00007ffde1590000 - 0x00007ffde15a6000 	D:\BLUEJ\jdk\bin\zip.dll
0x00007ffdcec30000 - 0x00007ffdcec3a000 	D:\BLUEJ\jdk\bin\jimage.dll
0x00007ffde8200000 - 0x00007ffde893f000 	C:\WINDOWS\System32\SHELL32.dll
0x00007ffde4280000 - 0x00007ffde4a10000 	C:\WINDOWS\SYSTEM32\windows.storage.dll
0x00007ffde7ea0000 - 0x00007ffde81f5000 	C:\WINDOWS\System32\combase.dll
0x00007ffde5b00000 - 0x00007ffde5b2c000 	C:\WINDOWS\SYSTEM32\Wldp.dll
0x00007ffde7850000 - 0x00007ffde78fe000 	C:\WINDOWS\System32\SHCORE.dll
0x00007ffde7a50000 - 0x00007ffde7aa5000 	C:\WINDOWS\System32\shlwapi.dll
0x00007ffde66c0000 - 0x00007ffde66df000 	C:\WINDOWS\SYSTEM32\profapi.dll
0x00007ffdca290000 - 0x00007ffdca29b000 	D:\BLUEJ\jdk\bin\dt_shmem.dll
0x00007ffdcc700000 - 0x00007ffdcc719000 	D:\BLUEJ\jdk\bin\net.dll
0x00007ffdd5d60000 - 0x00007ffdd5e6b000 	C:\WINDOWS\SYSTEM32\WINHTTP.dll
0x00007ffdd5750000 - 0x00007ffdd593c000 	C:\WINDOWS\SYSTEM32\urlmon.dll
0x00007ffddaa70000 - 0x00007ffddad20000 	C:\WINDOWS\SYSTEM32\iertutil.dll
0x00007ffde59e0000 - 0x00007ffde5a4a000 	C:\WINDOWS\system32\mswsock.dll
0x00007ffdc8f40000 - 0x00007ffdc8f53000 	D:\BLUEJ\jdk\bin\nio.dll
0x00007ffd9b0a0000 - 0x00007ffd9b23e000 	D:\BLUEJ\jdk\bin\awt.dll
0x00007ffde7b60000 - 0x00007ffde7c2d000 	C:\WINDOWS\System32\OLEAUT32.dll
0x00007ffde1f40000 - 0x00007ffde2500000 	C:\WINDOWS\SYSTEM32\d2d1.dll
0x00007ffde3460000 - 0x00007ffde34f0000 	C:\WINDOWS\SYSTEM32\apphelp.dll
0x00007ffde3560000 - 0x00007ffde35fe000 	C:\WINDOWS\system32\uxtheme.dll
0x00007ffde7730000 - 0x00007ffde7845000 	C:\WINDOWS\System32\MSCTF.dll
0x00007ffde7600000 - 0x00007ffde772a000 	C:\WINDOWS\System32\ole32.dll
0x00007ffde3730000 - 0x00007ffde375f000 	C:\WINDOWS\system32\DWMAPI.DLL
0x00007ffd9af70000 - 0x00007ffd9b096000 	C:\WINDOWS\system32\opengl32.dll
0x00007ffda6f00000 - 0x00007ffda6f2c000 	C:\WINDOWS\SYSTEM32\GLU32.dll
0x00007ffddba40000 - 0x00007ffddbc0e000 	C:\WINDOWS\system32\d3d9.dll
0x00007ffddc6d0000 - 0x00007ffddc7d5000 	C:\WINDOWS\System32\DriverStore\FileRepository\nv_dispi.inf_amd64_b2801df14ec7de03\nvldumdx.dll
0x00007ffde5f40000 - 0x00007ffde5f52000 	C:\WINDOWS\SYSTEM32\msasn1.dll
0x00007ffddfcc0000 - 0x00007ffddfcf1000 	C:\WINDOWS\SYSTEM32\cryptnet.dll
0x00007ffde6dc0000 - 0x00007ffde6f1f000 	C:\WINDOWS\System32\CRYPT32.dll
0x00007ffde5ac0000 - 0x00007ffde5acc000 	C:\WINDOWS\SYSTEM32\cryptbase.dll
0x00007ffde6fd0000 - 0x00007ffde7030000 	C:\WINDOWS\System32\WINTRUST.DLL
0x00007ffde8fe0000 - 0x00007ffde8ffd000 	C:\WINDOWS\System32\imagehlp.dll
0x00007ffde6510000 - 0x00007ffde6528000 	C:\WINDOWS\SYSTEM32\CRYPTSP.dll
0x00007ffde51d0000 - 0x00007ffde5204000 	C:\WINDOWS\system32\rsaenh.dll
0x00007ffde7030000 - 0x00007ffde7057000 	C:\WINDOWS\System32\bcrypt.dll
0x00007ffd923d0000 - 0x00007ffd93b88000 	C:\WINDOWS\System32\DriverStore\FileRepository\nv_dispi.inf_amd64_b2801df14ec7de03\nvd3dumx.dll
0x00007ffdaacd0000 - 0x00007ffdaaf8e000 	C:\WINDOWS\system32\nvspcap64.dll
0x00007ffde64d0000 - 0x00007ffde6503000 	C:\WINDOWS\SYSTEM32\ntmarta.dll
0x00007ffde4a20000 - 0x00007ffde4a43000 	C:\WINDOWS\SYSTEM32\gpapi.dll
0x00007ffddc9a0000 - 0x00007ffddc9db000 	C:\WINDOWS\SYSTEM32\dxcore.dll
0x00007ffde7060000 - 0x00007ffde70ae000 	C:\WINDOWS\System32\cfgmgr32.dll
0x00007ffd9aef0000 - 0x00007ffd9af70000 	D:\BLUEJ\jdk\bin\freetype.dll
0x00007ffd9ae80000 - 0x00007ffd9aeef000 	D:\BLUEJ\jdk\bin\fontmanager.dll
0x00007ffdd59d0000 - 0x00007ffdd5ac9000 	C:\WINDOWS\SYSTEM32\textinputframework.dll
0x00007ffde30c0000 - 0x00007ffde31b2000 	C:\WINDOWS\System32\CoreMessaging.dll
0x00007ffde2d60000 - 0x00007ffde30be000 	C:\WINDOWS\System32\CoreUIComponents.dll
0x00007ffde2660000 - 0x00007ffde27b4000 	C:\WINDOWS\SYSTEM32\wintypes.dll
0x00007ffdc9530000 - 0x00007ffdc9539000 	D:\BLUEJ\jdk\bin\management.dll
0x00007ffdc90f0000 - 0x00007ffdc90fc000 	D:\BLUEJ\jdk\bin\management_ext.dll
0x00007ffdb90b0000 - 0x00007ffdb90c7000 	C:\WINDOWS\system32\napinsp.dll
0x00007ffdb9090000 - 0x00007ffdb90ab000 	C:\WINDOWS\system32\pnrpnsp.dll
0x00007ffdd03f0000 - 0x00007ffdd0405000 	C:\WINDOWS\system32\wshbth.dll
0x00007ffde1470000 - 0x00007ffde148d000 	C:\WINDOWS\system32\NLAapi.dll
0x00007ffde5560000 - 0x00007ffde559b000 	C:\WINDOWS\SYSTEM32\IPHLPAPI.DLL
0x00007ffde55a0000 - 0x00007ffde566c000 	C:\WINDOWS\SYSTEM32\DNSAPI.dll
0x00007ffde7590000 - 0x00007ffde7598000 	C:\WINDOWS\System32\NSI.dll
0x00007ffdb9010000 - 0x00007ffdb9022000 	C:\WINDOWS\System32\winrnr.dll
0x00007ffddf0b0000 - 0x00007ffddf0ba000 	C:\Windows\System32\rasadhlp.dll
0x00007ffdd54c0000 - 0x00007ffdd553f000 	C:\WINDOWS\System32\fwpuclnt.dll
0x000001e0db010000 - 0x000001e0db013000 	D:\BLUEJ\lib\javafx\bin\api-ms-win-core-console-l1-1-0.dll
0x000001e0db020000 - 0x000001e0db023000 	D:\BLUEJ\lib\javafx\bin\api-ms-win-core-datetime-l1-1-0.dll
0x000001e0db030000 - 0x000001e0db033000 	D:\BLUEJ\lib\javafx\bin\api-ms-win-core-debug-l1-1-0.dll
0x000001e0db040000 - 0x000001e0db043000 	D:\BLUEJ\lib\javafx\bin\api-ms-win-core-errorhandling-l1-1-0.dll
0x000001e0db050000 - 0x000001e0db054000 	D:\BLUEJ\lib\javafx\bin\api-ms-win-core-file-l1-1-0.dll
0x000001e0db060000 - 0x000001e0db063000 	D:\BLUEJ\lib\javafx\bin\api-ms-win-core-file-l1-2-0.dll
0x000001e0db070000 - 0x000001e0db073000 	D:\BLUEJ\lib\javafx\bin\api-ms-win-core-file-l2-1-0.dll
0x000001e0db080000 - 0x000001e0db083000 	D:\BLUEJ\lib\javafx\bin\api-ms-win-core-handle-l1-1-0.dll
0x000001e0db090000 - 0x000001e0db093000 	D:\BLUEJ\lib\javafx\bin\api-ms-win-core-heap-l1-1-0.dll
0x000001e0db0a0000 - 0x000001e0db0a3000 	D:\BLUEJ\lib\javafx\bin\api-ms-win-core-interlocked-l1-1-0.dll
0x000001e0db0b0000 - 0x000001e0db0b3000 	D:\BLUEJ\lib\javafx\bin\api-ms-win-core-libraryloader-l1-1-0.dll
0x000001e0db0c0000 - 0x000001e0db0c3000 	D:\BLUEJ\lib\javafx\bin\api-ms-win-core-localization-l1-2-0.dll
0x000001e0db0d0000 - 0x000001e0db0d3000 	D:\BLUEJ\lib\javafx\bin\api-ms-win-core-memory-l1-1-0.dll
0x000001e0db0e0000 - 0x000001e0db0e3000 	D:\BLUEJ\lib\javafx\bin\api-ms-win-core-namedpipe-l1-1-0.dll
0x000001e0db0f0000 - 0x000001e0db0f3000 	D:\BLUEJ\lib\javafx\bin\api-ms-win-core-processenvironment-l1-1-0.dll
0x000001e0db100000 - 0x000001e0db103000 	D:\BLUEJ\lib\javafx\bin\api-ms-win-core-processthreads-l1-1-0.dll
0x000001e0db110000 - 0x000001e0db113000 	D:\BLUEJ\lib\javafx\bin\api-ms-win-core-processthreads-l1-1-1.dll
0x000001e0db120000 - 0x000001e0db123000 	D:\BLUEJ\lib\javafx\bin\api-ms-win-core-profile-l1-1-0.dll
0x000001e0db130000 - 0x000001e0db133000 	D:\BLUEJ\lib\javafx\bin\api-ms-win-core-rtlsupport-l1-1-0.dll
0x000001e0db140000 - 0x000001e0db143000 	D:\BLUEJ\lib\javafx\bin\api-ms-win-core-string-l1-1-0.dll
0x000001e0db150000 - 0x000001e0db153000 	D:\BLUEJ\lib\javafx\bin\api-ms-win-core-synch-l1-1-0.dll
0x000001e0db160000 - 0x000001e0db163000 	D:\BLUEJ\lib\javafx\bin\api-ms-win-core-synch-l1-2-0.dll
0x000001e0db170000 - 0x000001e0db173000 	D:\BLUEJ\lib\javafx\bin\api-ms-win-core-sysinfo-l1-1-0.dll
0x000001e0db180000 - 0x000001e0db183000 	D:\BLUEJ\lib\javafx\bin\api-ms-win-core-timezone-l1-1-0.dll
0x000001e0db190000 - 0x000001e0db193000 	D:\BLUEJ\lib\javafx\bin\api-ms-win-core-util-l1-1-0.dll
0x000001e0db1a0000 - 0x000001e0db1a3000 	D:\BLUEJ\lib\javafx\bin\api-ms-win-crt-conio-l1-1-0.dll
0x000001e0db1b0000 - 0x000001e0db1b4000 	D:\BLUEJ\lib\javafx\bin\api-ms-win-crt-convert-l1-1-0.dll
0x000001e0db1c0000 - 0x000001e0db1c3000 	D:\BLUEJ\lib\javafx\bin\api-ms-win-crt-environment-l1-1-0.dll
0x000001e0db1d0000 - 0x000001e0db1d3000 	D:\BLUEJ\lib\javafx\bin\api-ms-win-crt-filesystem-l1-1-0.dll
0x000001e0db1e0000 - 0x000001e0db1e3000 	D:\BLUEJ\lib\javafx\bin\api-ms-win-crt-heap-l1-1-0.dll
0x000001e0db1f0000 - 0x000001e0db1f3000 	D:\BLUEJ\lib\javafx\bin\api-ms-win-crt-locale-l1-1-0.dll
0x000001e0db200000 - 0x000001e0db205000 	D:\BLUEJ\lib\javafx\bin\api-ms-win-crt-math-l1-1-0.dll
0x000001e0db210000 - 0x000001e0db215000 	D:\BLUEJ\lib\javafx\bin\api-ms-win-crt-multibyte-l1-1-0.dll
0x000001e0db220000 - 0x000001e0db230000 	D:\BLUEJ\lib\javafx\bin\api-ms-win-crt-private-l1-1-0.dll
0x000001e0db230000 - 0x000001e0db233000 	D:\BLUEJ\lib\javafx\bin\api-ms-win-crt-process-l1-1-0.dll
0x000001e0db240000 - 0x000001e0db244000 	D:\BLUEJ\lib\javafx\bin\api-ms-win-crt-runtime-l1-1-0.dll

dbghelp: loaded successfully - version: 4.0.5 - missing functions: none
symbol engine: initialized successfully - sym options: 0x614 - pdb path: .;D:\BLUEJ\jdk\bin;C:\WINDOWS\SYSTEM32;C:\WINDOWS\WinSxS\amd64_microsoft.windows.common-controls_6595b64144ccf1df_6.0.19041.1052_none_60b8f8fd71f5e8cb;D:\BLUEJ\jdk\bin\server;C:\WINDOWS\System32\DriverStore\FileRepository\nv_dispi.inf_amd64_b2801df14ec7de03;D:\BLUEJ\lib\javafx\bin

VM Arguments:
jvm_args: -ea -agentlib:jdwp=transport=dt_shmem,address=javadebug -Dfile.encoding=UTF-8 
java_command: bluej.runtime.ExecServer UTF-8
java_class_path (initial): D:\BLUEJ\lib\bluejcore.jar;D:\BLUEJ\lib\junit-4.11.jar;D:\BLUEJ\lib\hamcrest-core-1.3.jar;D:\BLUEJ\lib\lang-stride.jar;D:\BLUEJ\lib\javafx\lib\javafx.base.jar;D:\BLUEJ\lib\javafx\lib\javafx.controls.jar;D:\BLUEJ\lib\javafx\lib\javafx.fxml.jar;D:\BLUEJ\lib\javafx\lib\javafx.graphics.jar;D:\BLUEJ\lib\javafx\lib\javafx.media.jar;D:\BLUEJ\lib\javafx\lib\javafx.properties.jar;D:\BLUEJ\lib\javafx\lib\javafx.swing.jar;D:\BLUEJ\lib\javafx\lib\javafx.web.jar;D:\BLUEJ\lib\javafx\lib\javafx.base.jar;D:\BLUEJ\lib\javafx\lib\javafx.controls.jar;D:\BLUEJ\lib\javafx\lib\javafx.fxml.jar;D:\BLUEJ\lib\javafx\lib\javafx.graphics.jar;D:\BLUEJ\lib\javafx\lib\javafx.media.jar;D:\BLUEJ\lib\javafx\lib\javafx.properties.jar;D:\BLUEJ\lib\javafx\lib\javafx.swing.jar;D:\BLUEJ\lib\javafx\lib\javafx.web.jar
Launcher Type: SUN_STANDARD

[Global flags]
     intx CICompilerCount                          = 4                                         {product} {ergonomic}
     uint ConcGCThreads                            = 3                                         {product} {ergonomic}
     uint G1ConcRefinementThreads                  = 10                                        {product} {ergonomic}
   size_t G1HeapRegionSize                         = 1048576                                   {product} {ergonomic}
    uintx GCDrainStackTargetSize                   = 64                                        {product} {ergonomic}
   size_t InitialHeapSize                          = 268435456                                 {product} {ergonomic}
   size_t MarkStackSize                            = 4194304                                   {product} {ergonomic}
   size_t MaxHeapSize                              = 4278190080                                {product} {ergonomic}
   size_t MaxNewSize                               = 2566914048                                {product} {ergonomic}
   size_t MinHeapDeltaBytes                        = 1048576                                   {product} {ergonomic}
    uintx NonNMethodCodeHeapSize                   = 5835340                                {pd product} {ergonomic}
    uintx NonProfiledCodeHeapSize                  = 122911450                              {pd product} {ergonomic}
    uintx ProfiledCodeHeapSize                     = 122911450                              {pd product} {ergonomic}
    uintx ReservedCodeCacheSize                    = 251658240                              {pd product} {ergonomic}
     bool SegmentedCodeCache                       = true                                      {product} {ergonomic}
     bool UseCompressedClassPointers               = true                                 {lp64_product} {ergonomic}
     bool UseCompressedOops                        = true                                 {lp64_product} {ergonomic}
     bool UseG1GC                                  = true                                      {product} {ergonomic}
     bool UseLargePagesIndividualAllocation        = false                                  {pd product} {ergonomic}

Logging:
Log output configuration:
 #0: stdout all=warning uptime,level,tags
 #1: stderr all=off uptime,level,tags

Environment Variables:
PATH=C:\Program Files\Common Files\Oracle\Java\javapath;C:\Program Files (x86)\Common Files\Oracle\Java\javapath;C:\Program Files (x86)\Intel\Intel(R) Management Engine Components\iCLS\;C:\Program Files\Intel\Intel(R) Management Engine Components\iCLS\;C:\Windows\system32;C:\Windows;C:\Windows\System32\Wbem;C:\Windows\System32\WindowsPowerShell\v1.0\;C:\Windows\System32\OpenSSH\;C:\Program Files (x86)\Intel\Intel(R) Management Engine Components\DAL;C:\Program Files\Intel\Intel(R) Management Engine Components\DAL;C:\Program Files (x86)\Intel\Intel(R) Management Engine Components\IPT;C:\Program Files\Intel\Intel(R) Management Engine Components\IPT;C:\Program Files\NVIDIA Corporation\NVIDIA NvDLISR;C:\Program Files (x86)\NVIDIA Corporation\PhysX\Common;C:\WINDOWS\system32;C:\WINDOWS;C:\WINDOWS\System32\Wbem;C:\WINDOWS\System32\WindowsPowerShell\v1.0\;C:\WINDOWS\System32\OpenSSH\;C:\WINDOWS\system32;C:\WINDOWS;C:\WINDOWS\System32\Wbem;C:\WINDOWS\System32\WindowsPowerShell\v1.0\;C:\WINDOWS\System32\OpenSSH\;C:\Users\Nutzer\AppData\Local\Microsoft\WindowsApps;
USERNAME=Nutzer
OS=Windows_NT
PROCESSOR_IDENTIFIER=Intel64 Family 6 Model 158 Stepping 10, GenuineIntel



---------------  S Y S T E M  ---------------

OS: Windows 10 , 64 bit Build 19041 (10.0.19041.1023)

CPU:total 12 (initial active 12) (6 cores per cpu, 2 threads per core) family 6 model 158 stepping 10, cmov, cx8, fxsr, mmx, sse, sse2, sse3, ssse3, sse4.1, sse4.2, popcnt, avx, avx2, aes, clmul, erms, rtm, 3dnowpref, lzcnt, ht, tsc, tscinvbit, bmi1, bmi2, adx, fma

Memory: 4k page, system-wide physical 16318M (9804M free)
TotalPageFile size 22462M (AvailPageFile size 11943M)
current process WorkingSet (physical memory assigned to process): 141M, peak: 141M
current process commit charge ("private bytes"): 462M, peak: 462M

vm_info: OpenJDK 64-Bit Server VM (11.0.2+9) for windows-amd64 JRE (11.0.2+9), built on Jan 18 2019 05:23:22 by "mach5one" with MS VC++ 15.5 (VS2017)

END.
